0 info it worked if it ends with ok
1 verbose cli [ '/Users/birhoff/.nvm/versions/node/v6.9.5/bin/node',
1 verbose cli   '/Users/birhoff/.nvm/versions/node/v6.9.5/bin/npm',
1 verbose cli   'run',
1 verbose cli   'test' ]
2 info using npm@3.10.10
3 info using node@v6.9.5
4 verbose run-script [ 'pretest', 'test', 'posttest' ]
5 info lifecycle bemjson-to-decl@1.0.1~pretest: bemjson-to-decl@1.0.1
6 silly lifecycle bemjson-to-decl@1.0.1~pretest: no script for pretest, continuing
7 info lifecycle bemjson-to-decl@1.0.1~test: bemjson-to-decl@1.0.1
8 verbose lifecycle bemjson-to-decl@1.0.1~test: unsafe-perm in lifecycle true
9 verbose lifecycle bemjson-to-decl@1.0.1~test: PATH: /Users/birhoff/.nvm/versions/node/v6.9.5/lib/node_modules/npm/bin/node-gyp-bin:/Users/birhoff/develop/libs/bemjson-to-decl/node_modules/.bin:bin:/Users/birhoff/.nvm/versions/node/v6.9.5/bin:/usr/local/bin:./node_modules/.bin:/usr/local/bin:/usr/bin:/bin:/usr/sbin:/sbin:/usr/local/munki
10 verbose lifecycle bemjson-to-decl@1.0.1~test: CWD: /Users/birhoff/develop/libs/bemjson-to-decl
11 silly lifecycle bemjson-to-decl@1.0.1~test: Args: [ '-c', 'node test/test.js' ]
12 silly lifecycle bemjson-to-decl@1.0.1~test: Returned: code: 1  signal: null
13 info lifecycle bemjson-to-decl@1.0.1~test: Failed to exec test script
14 verbose stack Error: bemjson-to-decl@1.0.1 test: `node test/test.js`
14 verbose stack Exit status 1
14 verbose stack     at EventEmitter.<anonymous> (/Users/birhoff/.nvm/versions/node/v6.9.5/lib/node_modules/npm/lib/utils/lifecycle.js:255:16)
14 verbose stack     at emitTwo (events.js:106:13)
14 verbose stack     at EventEmitter.emit (events.js:191:7)
14 verbose stack     at ChildProcess.<anonymous> (/Users/birhoff/.nvm/versions/node/v6.9.5/lib/node_modules/npm/lib/utils/spawn.js:40:14)
14 verbose stack     at emitTwo (events.js:106:13)
14 verbose stack     at ChildProcess.emit (events.js:191:7)
14 verbose stack     at maybeClose (internal/child_process.js:877:16)
14 verbose stack     at Process.ChildProcess._handle.onexit (internal/child_process.js:226:5)
15 verbose pkgid bemjson-to-decl@1.0.1
16 verbose cwd /Users/birhoff/develop/libs/bemjson-to-decl
17 error Darwin 16.4.0
18 error argv "/Users/birhoff/.nvm/versions/node/v6.9.5/bin/node" "/Users/birhoff/.nvm/versions/node/v6.9.5/bin/npm" "run" "test"
19 error node v6.9.5
20 error npm  v3.10.10
21 error code ELIFECYCLE
22 error bemjson-to-decl@1.0.1 test: `node test/test.js`
22 error Exit status 1
23 error Failed at the bemjson-to-decl@1.0.1 test script 'node test/test.js'.
23 error Make sure you have the latest version of node.js and npm installed.
23 error If you do, this is most likely a problem with the bemjson-to-decl package,
23 error not with npm itself.
23 error Tell the author that this fails on your system:
23 error     node test/test.js
23 error You can get information on how to open an issue for this project with:
23 error     npm bugs bemjson-to-decl
23 error Or if that isn't available, you can get their info via:
23 error     npm owner ls bemjson-to-decl
23 error There is likely additional logging output above.
24 verbose exit [ 1, true ]
